This file contains any messages produced by compilers while
running configure, to aid debugging if configure makes a mistake.

It was created by bluez configure 5.33, which was
generated by GNU Autoconf 2.69.  Invocation command line was

  $ ./configure --disable-systemd

## --------- ##
## Platform. ##
## --------- ##

hostname = lampy
uname -m = armv7l
uname -r = 4.9.59-v7+
uname -s = Linux
uname -v = #1047 SMP Sun Oct 29 12:19:23 GMT 2017

/usr/bin/uname -p = unknown
/bin/uname -X     = unknown

/bin/arch              = unknown
/usr/bin/arch -k       = unknown
/usr/convex/getsysinfo = unknown
/usr/bin/hostinfo      = unknown
/bin/machine           = unknown
/usr/bin/oslevel       = unknown
/bin/universe          = unknown

PATH: /usr/local/sbin
PATH: /usr/local/bin
PATH: /usr/sbin
PATH: /usr/bin
PATH: /sbin
PATH: /bin
PATH: /usr/local/games
PATH: /usr/games


## ----------- ##
## Core tests. ##
## ----------- ##

configure:2408: checking for a BSD-compatible install
configure:2476: result: /usr/bin/install -c
configure:2487: checking whether build environment is sane
configure:2542: result: yes
configure:2693: checking for a thread-safe mkdir -p
configure:2732: result: /bin/mkdir -p
configure:2739: checking for gawk
configure:2769: result: no
configure:2739: checking for mawk
configure:2755: found /usr/bin/mawk
configure:2766: result: mawk
configure:2777: checking whether make sets $(MAKE)
configure:2799: result: yes
configure:2828: checking whether make supports nested variables
configure:2845: result: yes
configure:2924: checking how to create a pax tar archive
configure:2935: tar --version
tar (GNU tar) 1.29
Copyright (C) 2015 Free Software Foundation, Inc.
License GPLv3+: GNU GPL version 3 or later <http://gnu.org/licenses/gpl.html>.
This is free software: you are free to change and redistribute it.
There is NO WARRANTY, to the extent permitted by law.

Written by John Gilmore and Jay Fenlason.
configure:2938: $? = 0
configure:2978: tardir=conftest.dir && eval tar --format=posix -chf - "$tardir" >conftest.tar
configure:2981: $? = 0
configure:2985: tar -xf - <conftest.tar
configure:2988: $? = 0
configure:2990: cat conftest.dir/file
GrepMe
configure:2993: $? = 0
configure:3006: result: gnutar
configure:3070: checking for style of include used by make
configure:3098: result: GNU
configure:3169: checking for gcc
configure:3185: found /usr/bin/gcc
configure:3196: result: gcc
configure:3425: checking for C compiler version
configure:3434: gcc --version >&5
gcc (Raspbian 6.3.0-18+rpi1) 6.3.0 20170516
Copyright (C) 2016 Free Software Foundation, Inc.
This is free software; see the source for copying conditions.  There is NO
warranty; not even for MERCHANTABILITY or FITNESS FOR A PARTICULAR PURPOSE.

configure:3445: $? = 0
configure:3434: gcc -v >&5
Using built-in specs.
COLLECT_GCC=gcc
COLLECT_LTO_WRAPPER=/usr/lib/gcc/arm-linux-gnueabihf/6/lto-wrapper
Target: arm-linux-gnueabihf
Configured with: ../src/configure -v --with-pkgversion='Raspbian 6.3.0-18+rpi1' --with-bugurl=file:///usr/share/doc/gcc-6/README.Bugs --enable-languages=c,ada,c++,java,go,d,fortran,objc,obj-c++ --prefix=/usr --program-suffix=-6 --program-prefix=arm-linux-gnueabihf- --enable-shared --enable-linker-build-id --libexecdir=/usr/lib --without-included-gettext --enable-threads=posix --libdir=/usr/lib --enable-nls --with-sysroot=/ --enable-clocale=gnu --enable-libstdcxx-debug --enable-libstdcxx-time=yes --with-default-libstdcxx-abi=new --enable-gnu-unique-object --disable-libitm --disable-libquadmath --enable-plugin --with-system-zlib --disable-browser-plugin --enable-java-awt=gtk --enable-gtk-cairo --with-java-home=/usr/lib/jvm/java-1.5.0-gcj-6-armhf/jre --enable-java-home --with-jvm-root-dir=/usr/lib/jvm/java-1.5.0-gcj-6-armhf --with-jvm-jar-dir=/usr/lib/jvm-exports/java-1.5.0-gcj-6-armhf --with-arch-directory=arm --with-ecj-jar=/usr/share/java/eclipse-ecj.jar --with-target-system-zlib --enable-objc-gc=auto --enable-multiarch --disable-sjlj-exceptions --with-arch=armv6 --with-fpu=vfp --with-float=hard --enable-checking=release --build=arm-linux-gnueabihf --host=arm-linux-gnueabihf --target=arm-linux-gnueabihf
Thread model: posix
gcc version 6.3.0 20170516 (Raspbian 6.3.0-18+rpi1) 
configure:3445: $? = 0
configure:3434: gcc -V >&5
gcc: error: unrecognized command line option '-V'
gcc: fatal error: no input files
compilation terminated.
configure:3445: $? = 1
configure:3434: gcc -qversion >&5
gcc: error: unrecognized command line option '-qversion'; did you mean '--version'?
gcc: fatal error: no input files
compilation terminated.
configure:3445: $? = 1
configure:3465: checking whether the C compiler works
configure:3487: gcc    conftest.c  >&5
configure:3491: $? = 0
configure:3539: result: yes
configure:3542: checking for C compiler default output file name
configure:3544: result: a.out
configure:3550: checking for suffix of executables
configure:3557: gcc -o conftest    conftest.c  >&5
configure:3561: $? = 0
configure:3583: result: 
configure:3605: checking whether we are cross compiling
configure:3613: gcc -o conftest    conftest.c  >&5
configure:3617: $? = 0
configure:3624: ./conftest
configure:3628: $? = 0
configure:3643: result: no
configure:3648: checking for suffix of object files
configure:3670: gcc -c   conftest.c >&5
configure:3674: $? = 0
configure:3695: result: o
configure:3699: checking whether we are using the GNU C compiler
configure:3718: gcc -c   conftest.c >&5
configure:3718: $? = 0
configure:3727: result: yes
configure:3736: checking whether gcc accepts -g
configure:3756: gcc -c -g  conftest.c >&5
configure:3756: $? = 0
configure:3797: result: yes
configure:3814: checking for gcc option to accept ISO C89
configure:3877: gcc  -c -g -O2  conftest.c >&5
configure:3877: $? = 0
configure:3890: result: none needed
configure:3915: checking whether gcc understands -c and -o together
configure:3937: gcc -c conftest.c -o conftest2.o
configure:3940: $? = 0
configure:3937: gcc -c conftest.c -o conftest2.o
configure:3940: $? = 0
configure:3952: result: yes
configure:3971: checking dependency style of gcc
configure:4082: result: gcc3
configure:4103: checking how to run the C preprocessor
configure:4134: gcc -E  conftest.c
configure:4134: $? = 0
configure:4148: gcc -E  conftest.c
conftest.c:11:28: fatal error: ac_nonexistent.h: No such file or directory
 #include <ac_nonexistent.h>
                            ^
compilation terminated.
configure:4148: $? = 1
configure: failed program was:
| /* confdefs.h */
| #define PACKAGE_NAME "bluez"
| #define PACKAGE_TARNAME "bluez"
| #define PACKAGE_VERSION "5.33"
| #define PACKAGE_STRING "bluez 5.33"
| #define PACKAGE_BUGREPORT ""
| #define PACKAGE_URL ""
| #define PACKAGE "bluez"
| #define VERSION "5.33"
| /* end confdefs.h.  */
| #include <ac_nonexistent.h>
configure:4173: result: gcc -E
configure:4193: gcc -E  conftest.c
configure:4193: $? = 0
configure:4207: gcc -E  conftest.c
conftest.c:11:28: fatal error: ac_nonexistent.h: No such file or directory
 #include <ac_nonexistent.h>
                            ^
compilation terminated.
configure:4207: $? = 1
configure: failed program was:
| /* confdefs.h */
| #define PACKAGE_NAME "bluez"
| #define PACKAGE_TARNAME "bluez"
| #define PACKAGE_VERSION "5.33"
| #define PACKAGE_STRING "bluez 5.33"
| #define PACKAGE_BUGREPORT ""
| #define PACKAGE_URL ""
| #define PACKAGE "bluez"
| #define VERSION "5.33"
| /* end confdefs.h.  */
| #include <ac_nonexistent.h>
configure:4236: checking for grep that handles long lines and -e
configure:4294: result: /bin/grep
configure:4299: checking for egrep
configure:4361: result: /bin/grep -E
configure:4366: checking for ANSI C header files
configure:4386: gcc -c -g -O2  conftest.c >&5
configure:4386: $? = 0
configure:4459: gcc -o conftest -g -O2   conftest.c  >&5
configure:4459: $? = 0
configure:4459: ./conftest
configure:4459: $? = 0
configure:4470: result: yes
configure:4483: checking for sys/types.h
configure:4483: gcc -c -g -O2  conftest.c >&5
configure:4483: $? = 0
configure:4483: result: yes
configure:4483: checking for sys/stat.h
configure:4483: gcc -c -g -O2  conftest.c >&5
configure:4483: $? = 0
configure:4483: result: yes
configure:4483: checking for stdlib.h
configure:4483: gcc -c -g -O2  conftest.c >&5
configure:4483: $? = 0
configure:4483: result: yes
configure:4483: checking for string.h
configure:4483: gcc -c -g -O2  conftest.c >&5
configure:4483: $? = 0
configure:4483: result: yes
configure:4483: checking for memory.h
configure:4483: gcc -c -g -O2  conftest.c >&5
configure:4483: $? = 0
configure:4483: result: yes
configure:4483: checking for strings.h
configure:4483: gcc -c -g -O2  conftest.c >&5
configure:4483: $? = 0
configure:4483: result: yes
configure:4483: checking for inttypes.h
configure:4483: gcc -c -g -O2  conftest.c >&5
configure:4483: $? = 0
configure:4483: result: yes
configure:4483: checking for stdint.h
configure:4483: gcc -c -g -O2  conftest.c >&5
configure:4483: $? = 0
configure:4483: result: yes
configure:4483: checking for unistd.h
configure:4483: gcc -c -g -O2  conftest.c >&5
configure:4483: $? = 0
configure:4483: result: yes
configure:4496: checking minix/config.h usability
configure:4496: gcc -c -g -O2  conftest.c >&5
conftest.c:54:26: fatal error: minix/config.h: No such file or directory
 #include <minix/config.h>
                          ^
compilation terminated.
configure:4496: $? = 1
configure: failed program was:
| /* confdefs.h */
| #define PACKAGE_NAME "bluez"
| #define PACKAGE_TARNAME "bluez"
| #define PACKAGE_VERSION "5.33"
| #define PACKAGE_STRING "bluez 5.33"
| #define PACKAGE_BUGREPORT ""
| #define PACKAGE_URL ""
| #define PACKAGE "bluez"
| #define VERSION "5.33"
| #define STDC_HEADERS 1
| #define HAVE_SYS_TYPES_H 1
| #define HAVE_SYS_STAT_H 1
| #define HAVE_STDLIB_H 1
| #define HAVE_STRING_H 1
| #define HAVE_MEMORY_H 1
| #define HAVE_STRINGS_H 1
| #define HAVE_INTTYPES_H 1
| #define HAVE_STDINT_H 1
| #define HAVE_UNISTD_H 1
| /* end confdefs.h.  */
| #include <stdio.h>
| #ifdef HAVE_SYS_TYPES_H
| # include <sys/types.h>
| #endif
| #ifdef HAVE_SYS_STAT_H
| # include <sys/stat.h>
| #endif
| #ifdef STDC_HEADERS
| # include <stdlib.h>
| # include <stddef.h>
| #else
| # ifdef HAVE_STDLIB_H
| #  include <stdlib.h>
| # endif
| #endif
| #ifdef HAVE_STRING_H
| # if !defined STDC_HEADERS && defined HAVE_MEMORY_H
| #  include <memory.h>
| # endif
| # include <string.h>
| #endif
| #ifdef HAVE_STRINGS_H
| # include <strings.h>
| #endif
| #ifdef HAVE_INTTYPES_H
| # include <inttypes.h>
| #endif
| #ifdef HAVE_STDINT_H
| # include <stdint.h>
| #endif
| #ifdef HAVE_UNISTD_H
| # include <unistd.h>
| #endif
| #include <minix/config.h>
configure:4496: result: no
configure:4496: checking minix/config.h presence
configure:4496: gcc -E  conftest.c
conftest.c:21:26: fatal error: minix/config.h: No such file or directory
 #include <minix/config.h>
                          ^
compilation terminated.
configure:4496: $? = 1
configure: failed program was:
| /* confdefs.h */
| #define PACKAGE_NAME "bluez"
| #define PACKAGE_TARNAME "bluez"
| #define PACKAGE_VERSION "5.33"
| #define PACKAGE_STRING "bluez 5.33"
| #define PACKAGE_BUGREPORT ""
| #define PACKAGE_URL ""
| #define PACKAGE "bluez"
| #define VERSION "5.33"
| #define STDC_HEADERS 1
| #define HAVE_SYS_TYPES_H 1
| #define HAVE_SYS_STAT_H 1
| #define HAVE_STDLIB_H 1
| #define HAVE_STRING_H 1
| #define HAVE_MEMORY_H 1
| #define HAVE_STRINGS_H 1
| #define HAVE_INTTYPES_H 1
| #define HAVE_STDINT_H 1
| #define HAVE_UNISTD_H 1
| /* end confdefs.h.  */
| #include <minix/config.h>
configure:4496: result: no
configure:4496: checking for minix/config.h
configure:4496: result: no
configure:4517: checking whether it is safe to define __EXTENSIONS__
configure:4535: gcc -c -g -O2  conftest.c >&5
configure:4535: $? = 0
configure:4542: result: yes
configure:4568: checking whether make supports nested variables
configure:4585: result: yes
configure:4598: checking whether to enable maintainer-specific portions of Makefiles
configure:4607: result: no
configure:4677: checking for pkg-config
configure:4695: found /usr/bin/pkg-config
configure:4707: result: /usr/bin/pkg-config
configure:4732: checking pkg-config is at least version 0.9.0
configure:4735: result: yes
configure:4771: checking for C/C++ restrict keyword
configure:4796: gcc -c -g -O2  conftest.c >&5
configure:4796: $? = 0
configure:4804: result: __restrict
configure:4866: checking for gcc
configure:4893: result: gcc
configure:5122: checking for C compiler version
configure:5131: gcc --version >&5
gcc (Raspbian 6.3.0-18+rpi1) 6.3.0 20170516
Copyright (C) 2016 Free Software Foundation, Inc.
This is free software; see the source for copying conditions.  There is NO
warranty; not even for MERCHANTABILITY or FITNESS FOR A PARTICULAR PURPOSE.

configure:5142: $? = 0
configure:5131: gcc -v >&5
Using built-in specs.
COLLECT_GCC=gcc
COLLECT_LTO_WRAPPER=/usr/lib/gcc/arm-linux-gnueabihf/6/lto-wrapper
Target: arm-linux-gnueabihf
Configured with: ../src/configure -v --with-pkgversion='Raspbian 6.3.0-18+rpi1' --with-bugurl=file:///usr/share/doc/gcc-6/README.Bugs --enable-languages=c,ada,c++,java,go,d,fortran,objc,obj-c++ --prefix=/usr --program-suffix=-6 --program-prefix=arm-linux-gnueabihf- --enable-shared --enable-linker-build-id --libexecdir=/usr/lib --without-included-gettext --enable-threads=posix --libdir=/usr/lib --enable-nls --with-sysroot=/ --enable-clocale=gnu --enable-libstdcxx-debug --enable-libstdcxx-time=yes --with-default-libstdcxx-abi=new --enable-gnu-unique-object --disable-libitm --disable-libquadmath --enable-plugin --with-system-zlib --disable-browser-plugin --enable-java-awt=gtk --enable-gtk-cairo --with-java-home=/usr/lib/jvm/java-1.5.0-gcj-6-armhf/jre --enable-java-home --with-jvm-root-dir=/usr/lib/jvm/java-1.5.0-gcj-6-armhf --with-jvm-jar-dir=/usr/lib/jvm-exports/java-1.5.0-gcj-6-armhf --with-arch-directory=arm --with-ecj-jar=/usr/share/java/eclipse-ecj.jar --with-target-system-zlib --enable-objc-gc=auto --enable-multiarch --disable-sjlj-exceptions --with-arch=armv6 --with-fpu=vfp --with-float=hard --enable-checking=release --build=arm-linux-gnueabihf --host=arm-linux-gnueabihf --target=arm-linux-gnueabihf
Thread model: posix
gcc version 6.3.0 20170516 (Raspbian 6.3.0-18+rpi1) 
configure:5142: $? = 0
configure:5131: gcc -V >&5
gcc: error: unrecognized command line option '-V'
gcc: fatal error: no input files
compilation terminated.
configure:5142: $? = 1
configure:5131: gcc -qversion >&5
gcc: error: unrecognized command line option '-qversion'; did you mean '--version'?
gcc: fatal error: no input files
compilation terminated.
configure:5142: $? = 1
configure:5146: checking whether we are using the GNU C compiler
configure:5174: result: yes
configure:5183: checking whether gcc accepts -g
configure:5244: result: yes
configure:5261: checking for gcc option to accept ISO C89
configure:5337: result: none needed
configure:5362: checking whether gcc understands -c and -o together
configure:5399: result: yes
configure:5418: checking dependency style of gcc
configure:5529: result: gcc3
configure:5546: checking whether gcc accepts -fPIE
configure:5561: result: yes
configure:5630: checking build system type
configure:5644: result: armv7l-unknown-linux-gnueabihf
configure:5664: checking host system type
configure:5677: result: armv7l-unknown-linux-gnueabihf
configure:5718: checking how to print strings
configure:5745: result: printf
configure:5766: checking for a sed that does not truncate output
configure:5830: result: /bin/sed
configure:5848: checking for fgrep
configure:5910: result: /bin/grep -F
configure:5945: checking for ld used by gcc
configure:6012: result: /usr/bin/ld
configure:6019: checking if the linker (/usr/bin/ld) is GNU ld
configure:6034: result: yes
configure:6046: checking for BSD- or MS-compatible name lister (nm)
configure:6095: result: /usr/bin/nm -B
configure:6225: checking the name lister (/usr/bin/nm -B) interface
configure:6232: gcc -c -g -O2  conftest.c >&5
configure:6235: /usr/bin/nm -B "conftest.o"
configure:6238: output
00000000 B some_variable
configure:6245: result: BSD nm
configure:6248: checking whether ln -s works
configure:6252: result: yes
configure:6260: checking the maximum length of command line arguments
configure:6391: result: 1572864
configure:6408: checking whether the shell understands some XSI constructs
configure:6418: result: yes
configure:6422: checking whether the shell understands "+="
configure:6428: result: yes
configure:6463: checking how to convert armv7l-unknown-linux-gnueabihf file names to armv7l-unknown-linux-gnueabihf format
configure:6503: result: func_convert_file_noop
configure:6510: checking how to convert armv7l-unknown-linux-gnueabihf file names to toolchain format
configure:6530: result: func_convert_file_noop
configure:6537: checking for /usr/bin/ld option to reload object files
configure:6544: result: -r
configure:6618: checking for objdump
configure:6634: found /usr/bin/objdump
configure:6645: result: objdump
configure:6677: checking how to recognize dependent libraries
configure:6875: result: pass_all
configure:6960: checking for dlltool
configure:6990: result: no
configure:7020: checking how to associate runtime and link libraries
configure:7047: result: printf %s\n
configure:7107: checking for ar
configure:7123: found /usr/bin/ar
configure:7134: result: ar
configure:7171: checking for archiver @FILE support
configure:7188: gcc -c -g -O2  conftest.c >&5
configure:7188: $? = 0
configure:7191: ar cru libconftest.a @conftest.lst >&5
ar: `u' modifier ignored since `D' is the default (see `U')
configure:7194: $? = 0
configure:7199: ar cru libconftest.a @conftest.lst >&5
ar: `u' modifier ignored since `D' is the default (see `U')
ar: conftest.o: No such file or directory
configure:7202: $? = 1
configure:7214: result: @
configure:7272: checking for strip
configure:7288: found /usr/bin/strip
configure:7299: result: strip
configure:7371: checking for ranlib
configure:7387: found /usr/bin/ranlib
configure:7398: result: ranlib
configure:7500: checking command to parse /usr/bin/nm -B output from gcc object
configure:7620: gcc -c -g -O2  conftest.c >&5
configure:7623: $? = 0
configure:7627: /usr/bin/nm -B conftest.o \| sed -n -e 's/^.*[ ]\([ABCDGIRSTW][ABCDGIRSTW]*\)[ ][ ]*\([_A-Za-z][_A-Za-z0-9]*\)$/\1 \2 \2/p' | sed '/ __gnu_lto/d' \> conftest.nm
configure:7630: $? = 0
configure:7696: gcc -o conftest -g -O2   conftest.c conftstm.o >&5
configure:7699: $? = 0
configure:7737: result: ok
configure:7774: checking for sysroot
configure:7804: result: no
configure:8073: checking for mt
configure:8089: found /bin/mt
configure:8100: result: mt
configure:8123: checking if mt is a manifest tool
configure:8129: mt '-?'
configure:8137: result: no
configure:8776: checking for dlfcn.h
configure:8776: gcc -c -g -O2  conftest.c >&5
configure:8776: $? = 0
configure:8776: result: yes
configure:8952: checking for objdir
configure:8967: result: .libs
configure:9234: checking if gcc supports -fno-rtti -fno-exceptions
configure:9252: gcc -c -g -O2  -fno-rtti -fno-exceptions conftest.c >&5
cc1: warning: command line option '-fno-rtti' is valid for C++/ObjC++ but not for C
configure:9256: $? = 0
configure:9269: result: no
configure:9596: checking for gcc option to produce PIC
configure:9603: result: -fPIC -DPIC
configure:9611: checking if gcc PIC flag -fPIC -DPIC works
configure:9629: gcc -c -g -O2  -fPIC -DPIC -DPIC conftest.c >&5
configure:9633: $? = 0
configure:9646: result: yes
configure:9675: checking if gcc static flag -static works
configure:9703: result: yes
configure:9718: checking if gcc supports -c -o file.o
configure:9739: gcc -c -g -O2  -o out/conftest2.o conftest.c >&5
configure:9743: $? = 0
configure:9765: result: yes
configure:9773: checking if gcc supports -c -o file.o
configure:9820: result: yes
configure:9853: checking whether the gcc linker (/usr/bin/ld) supports shared libraries
configure:11010: result: yes
configure:11047: checking whether -lc should be explicitly linked in
configure:11055: gcc -c -g -O2  conftest.c >&5
configure:11058: $? = 0
configure:11073: gcc -shared  -fPIC -DPIC conftest.o  -v -Wl,-soname -Wl,conftest -o conftest 2\>\&1 \| /bin/grep  -lc  \>/dev/null 2\>\&1
configure:11076: $? = 0
configure:11090: result: no
configure:11250: checking dynamic linker characteristics
configure:11750: gcc -o conftest -g -O2   -Wl,-rpath -Wl,/foo conftest.c  >&5
configure:11750: $? = 0
configure:11984: result: GNU/Linux ld.so
configure:12091: checking how to hardcode library paths into programs
configure:12116: result: immediate
configure:12656: checking whether stripping libraries is possible
configure:12661: result: yes
configure:12696: checking if libtool supports shared libraries
configure:12698: result: yes
configure:12701: checking whether to build shared libraries
configure:12722: result: yes
configure:12725: checking whether to build static libraries
configure:12729: result: no
configure:12910: checking for signalfd
configure:12910: gcc -o conftest -g -O2   conftest.c  >&5
configure:12910: $? = 0
configure:12910: result: yes
configure:12918: checking for clock_gettime in -lrt
configure:12943: gcc -o conftest -g -O2   conftest.c -lrt   >&5
configure:12943: $? = 0
configure:12952: result: yes
configure:12961: checking for pthread_create in -lpthread
configure:12986: gcc -o conftest -g -O2   conftest.c -lpthread   >&5
configure:12986: $? = 0
configure:12995: result: yes
configure:13004: checking for dlopen in -ldl
configure:13029: gcc -o conftest -g -O2   conftest.c -ldl   >&5
configure:13029: $? = 0
configure:13038: result: yes
configure:13050: checking linux/types.h usability
configure:13050: gcc -c -g -O2  conftest.c >&5
configure:13050: $? = 0
configure:13050: result: yes
configure:13050: checking linux/types.h presence
configure:13050: gcc -E  conftest.c
configure:13050: $? = 0
configure:13050: result: yes
configure:13050: checking for linux/types.h
configure:13050: result: yes
configure:13050: checking linux/if_alg.h usability
configure:13050: gcc -c -g -O2  conftest.c >&5
configure:13050: $? = 0
configure:13050: result: yes
configure:13050: checking linux/if_alg.h presence
configure:13050: gcc -E  conftest.c
configure:13050: $? = 0
configure:13050: result: yes
configure:13050: checking for linux/if_alg.h
configure:13050: result: yes
configure:13063: checking for GLIB
configure:13070: $PKG_CONFIG --exists --print-errors "glib-2.0 >= 2.28"
configure:13073: $? = 0
configure:13087: $PKG_CONFIG --exists --print-errors "glib-2.0 >= 2.28"
configure:13090: $? = 0
configure:13128: result: yes
configure:13216: checking for DBUS
configure:13223: $PKG_CONFIG --exists --print-errors "dbus-1 >= 1.6"
configure:13226: $? = 0
configure:13240: $PKG_CONFIG --exists --print-errors "dbus-1 >= 1.6"
configure:13243: $? = 0
configure:13281: result: yes
configure:13295: checking D-Bus configuration directory
configure:13301: result: /etc
configure:13314: checking D-Bus system bus services dir
configure:13320: result: /usr/share/dbus-1/system-services
configure:13333: checking D-Bus session bus services dir
configure:13339: result: /usr/share/dbus-1/services
configure:13409: checking for UDEV
configure:13416: $PKG_CONFIG --exists --print-errors "libudev >= 172"
configure:13419: $? = 0
configure:13433: $PKG_CONFIG --exists --print-errors "libudev >= 172"
configure:13436: $? = 0
configure:13474: result: yes
configure:13480: checking for udev_hwdb_new in -ludev
configure:13505: gcc -o conftest -g -O2   conftest.c -ludev   >&5
configure:13505: $? = 0
configure:13514: result: yes
configure:13539: checking udev directory
configure:13545: result: /lib/udev
configure:13583: checking for ICAL
configure:13590: $PKG_CONFIG --exists --print-errors "libical"
configure:13593: $? = 0
configure:13607: $PKG_CONFIG --exists --print-errors "libical"
configure:13610: $? = 0
configure:13648: result: yes
configure:13681: checking readline/readline.h usability
configure:13681: gcc -c -g -O2  conftest.c >&5
configure:13681: $? = 0
configure:13681: result: yes
configure:13681: checking readline/readline.h presence
configure:13681: gcc -E  conftest.c
configure:13681: $? = 0
configure:13681: result: yes
configure:13681: checking for readline/readline.h
configure:13681: result: yes
configure:14128: checking that generated files are newer than configure
configure:14134: result: done
configure:14237: creating ./config.status

## ---------------------- ##
## Running config.status. ##
## ---------------------- ##

This file was extended by bluez config.status 5.33, which was
generated by GNU Autoconf 2.69.  Invocation command line was

  CONFIG_FILES    = 
  CONFIG_HEADERS  = 
  CONFIG_LINKS    = 
  CONFIG_COMMANDS = 
  $ ./config.status 

on lampy

config.status:1163: creating Makefile
config.status:1163: creating src/bluetoothd.8
config.status:1163: creating lib/bluez.pc
config.status:1163: creating config.h
config.status:1392: executing depfiles commands
config.status:1392: executing libtool commands

## ---------------- ##
## Cache variables. ##
## ---------------- ##

ac_cv_build=armv7l-unknown-linux-gnueabihf
ac_cv_c_compiler_gnu=yes
ac_cv_c_restrict=__restrict
ac_cv_env_CC_set=
ac_cv_env_CC_value=
ac_cv_env_CFLAGS_set=
ac_cv_env_CFLAGS_value=
ac_cv_env_CPPFLAGS_set=
ac_cv_env_CPPFLAGS_value=
ac_cv_env_CPP_set=
ac_cv_env_CPP_value=
ac_cv_env_DBUS_CFLAGS_set=
ac_cv_env_DBUS_CFLAGS_value=
ac_cv_env_DBUS_LIBS_set=
ac_cv_env_DBUS_LIBS_value=
ac_cv_env_GLIB_CFLAGS_set=
ac_cv_env_GLIB_CFLAGS_value=
ac_cv_env_GLIB_LIBS_set=
ac_cv_env_GLIB_LIBS_value=
ac_cv_env_GTHREAD_CFLAGS_set=
ac_cv_env_GTHREAD_CFLAGS_value=
ac_cv_env_GTHREAD_LIBS_set=
ac_cv_env_GTHREAD_LIBS_value=
ac_cv_env_ICAL_CFLAGS_set=
ac_cv_env_ICAL_CFLAGS_value=
ac_cv_env_ICAL_LIBS_set=
ac_cv_env_ICAL_LIBS_value=
ac_cv_env_LDFLAGS_set=
ac_cv_env_LDFLAGS_value=
ac_cv_env_LIBS_set=
ac_cv_env_LIBS_value=
ac_cv_env_PKG_CONFIG_LIBDIR_set=
ac_cv_env_PKG_CONFIG_LIBDIR_value=
ac_cv_env_PKG_CONFIG_PATH_set=
ac_cv_env_PKG_CONFIG_PATH_value=
ac_cv_env_PKG_CONFIG_set=
ac_cv_env_PKG_CONFIG_value=
ac_cv_env_SBC_CFLAGS_set=
ac_cv_env_SBC_CFLAGS_value=
ac_cv_env_SBC_LIBS_set=
ac_cv_env_SBC_LIBS_value=
ac_cv_env_SPEEXDSP_CFLAGS_set=
ac_cv_env_SPEEXDSP_CFLAGS_value=
ac_cv_env_SPEEXDSP_LIBS_set=
ac_cv_env_SPEEXDSP_LIBS_value=
ac_cv_env_UDEV_CFLAGS_set=
ac_cv_env_UDEV_CFLAGS_value=
ac_cv_env_UDEV_LIBS_set=
ac_cv_env_UDEV_LIBS_value=
ac_cv_env_build_alias_set=
ac_cv_env_build_alias_value=
ac_cv_env_host_alias_set=
ac_cv_env_host_alias_value=
ac_cv_env_target_alias_set=
ac_cv_env_target_alias_value=
ac_cv_func_signalfd=yes
ac_cv_header_dlfcn_h=yes
ac_cv_header_inttypes_h=yes
ac_cv_header_linux_if_alg_h=yes
ac_cv_header_linux_types_h=yes
ac_cv_header_memory_h=yes
ac_cv_header_minix_config_h=no
ac_cv_header_readline_readline_h=yes
ac_cv_header_stdc=yes
ac_cv_header_stdint_h=yes
ac_cv_header_stdlib_h=yes
ac_cv_header_string_h=yes
ac_cv_header_strings_h=yes
ac_cv_header_sys_stat_h=yes
ac_cv_header_sys_types_h=yes
ac_cv_header_unistd_h=yes
ac_cv_host=armv7l-unknown-linux-gnueabihf
ac_cv_lib_dl_dlopen=yes
ac_cv_lib_pthread_pthread_create=yes
ac_cv_lib_rt_clock_gettime=yes
ac_cv_lib_udev_udev_hwdb_new=yes
ac_cv_objext=o
ac_cv_path_EGREP='/bin/grep -E'
ac_cv_path_FGREP='/bin/grep -F'
ac_cv_path_GREP=/bin/grep
ac_cv_path_SED=/bin/sed
ac_cv_path_ac_pt_PKG_CONFIG=/usr/bin/pkg-config
ac_cv_path_install='/usr/bin/install -c'
ac_cv_path_mkdir=/bin/mkdir
ac_cv_prog_AWK=mawk
ac_cv_prog_CPP='gcc -E'
ac_cv_prog_ac_ct_AR=ar
ac_cv_prog_ac_ct_CC=gcc
ac_cv_prog_ac_ct_MANIFEST_TOOL=mt
ac_cv_prog_ac_ct_OBJDUMP=objdump
ac_cv_prog_ac_ct_RANLIB=ranlib
ac_cv_prog_ac_ct_STRIP=strip
ac_cv_prog_cc_c89=
ac_cv_prog_cc_g=yes
ac_cv_prog_cc_pie=yes
ac_cv_prog_make_make_set=yes
ac_cv_safe_to_define___extensions__=yes
am_cv_CC_dependencies_compiler_type=gcc3
am_cv_make_support_nested_variables=yes
am_cv_prog_cc_c_o=yes
am_cv_prog_tar_pax=gnutar
lt_cv_ar_at_file=@
lt_cv_archive_cmds_need_lc=no
lt_cv_deplibs_check_method=pass_all
lt_cv_file_magic_cmd='$MAGIC_CMD'
lt_cv_file_magic_test_file=
lt_cv_ld_reload_flag=-r
lt_cv_nm_interface='BSD nm'
lt_cv_objdir=.libs
lt_cv_path_LD=/usr/bin/ld
lt_cv_path_NM='/usr/bin/nm -B'
lt_cv_path_mainfest_tool=no
lt_cv_prog_compiler_c_o=yes
lt_cv_prog_compiler_pic='-fPIC -DPIC'
lt_cv_prog_compiler_pic_works=yes
lt_cv_prog_compiler_rtti_exceptions=no
lt_cv_prog_compiler_static_works=yes
lt_cv_prog_gnu_ld=yes
lt_cv_sharedlib_from_linklib_cmd='printf %s\n'
lt_cv_shlibpath_overrides_runpath=no
lt_cv_sys_global_symbol_pipe='sed -n -e '\''s/^.*[	 ]\([ABCDGIRSTW][ABCDGIRSTW]*\)[	 ][	 ]*\([_A-Za-z][_A-Za-z0-9]*\)$/\1 \2 \2/p'\'' | sed '\''/ __gnu_lto/d'\'''
lt_cv_sys_global_symbol_to_c_name_address='sed -n -e '\''s/^: \([^ ]*\)[ ]*$/  {\"\1\", (void *) 0},/p'\'' -e '\''s/^[ABCDGIRSTW]* \([^ ]*\) \([^ ]*\)$/  {"\2", (void *) \&\2},/p'\'''
lt_cv_sys_global_symbol_to_c_name_address_lib_prefix='sed -n -e '\''s/^: \([^ ]*\)[ ]*$/  {\"\1\", (void *) 0},/p'\'' -e '\''s/^[ABCDGIRSTW]* \([^ ]*\) \(lib[^ ]*\)$/  {"\2", (void *) \&\2},/p'\'' -e '\''s/^[ABCDGIRSTW]* \([^ ]*\) \([^ ]*\)$/  {"lib\2", (void *) \&\2},/p'\'''
lt_cv_sys_global_symbol_to_cdecl='sed -n -e '\''s/^T .* \(.*\)$/extern int \1();/p'\'' -e '\''s/^[ABCDGIRSTW]* .* \(.*\)$/extern char \1;/p'\'''
lt_cv_sys_max_cmd_len=1572864
lt_cv_to_host_file_cmd=func_convert_file_noop
lt_cv_to_tool_file_cmd=func_convert_file_noop
pkg_cv_DBUS_CFLAGS='-I/usr/include/dbus-1.0 -I/usr/lib/arm-linux-gnueabihf/dbus-1.0/include'
pkg_cv_DBUS_LIBS=-ldbus-1
pkg_cv_GLIB_CFLAGS='-I/usr/include/glib-2.0 -I/usr/lib/arm-linux-gnueabihf/glib-2.0/include'
pkg_cv_GLIB_LIBS=-lglib-2.0
pkg_cv_ICAL_CFLAGS=
pkg_cv_ICAL_LIBS='-lical -licalss -licalvcal -lpthread /usr/lib/arm-linux-gnueabihf/libicuuc.so /usr/lib/arm-linux-gnueabihf/libicui18n.so'
pkg_cv_UDEV_CFLAGS=
pkg_cv_UDEV_LIBS=-ludev

## ----------------- ##
## Output variables. ##
## ----------------- ##

ACLOCAL='${SHELL} /home/cap/Lampy/centrallamp/connectivity/bluez-5.33/missing aclocal-1.14'
AMDEPBACKSLASH='\'
AMDEP_FALSE='#'
AMDEP_TRUE=''
AMTAR='$${TAR-tar}'
AM_BACKSLASH='\'
AM_DEFAULT_V='$(AM_DEFAULT_VERBOSITY)'
AM_DEFAULT_VERBOSITY='0'
AM_V='$(V)'
ANDROID_FALSE=''
ANDROID_TRUE='#'
AR='ar'
AUTOCONF='${SHELL} /home/cap/Lampy/centrallamp/connectivity/bluez-5.33/missing autoconf'
AUTOHEADER='${SHELL} /home/cap/Lampy/centrallamp/connectivity/bluez-5.33/missing autoheader'
AUTOMAKE='${SHELL} /home/cap/Lampy/centrallamp/connectivity/bluez-5.33/missing automake-1.14'
AWK='mawk'
CC='gcc'
CCDEPMODE='depmode=gcc3'
CFLAGS='-g -O2'
CLIENT_FALSE='#'
CLIENT_TRUE=''
CONFIGDIR='/usr/local/etc/bluetooth'
COVERAGE_FALSE=''
COVERAGE_TRUE='#'
CPP='gcc -E'
CPPFLAGS=''
CUPS_FALSE='#'
CUPS_TRUE=''
CYGPATH_W='echo'
DATAFILES_FALSE='#'
DATAFILES_TRUE=''
DBUS_CFLAGS='-I/usr/include/dbus-1.0 -I/usr/lib/arm-linux-gnueabihf/dbus-1.0/include'
DBUS_CONFDIR='/etc'
DBUS_LIBS='-ldbus-1'
DBUS_RUN_SESSION_FALSE=''
DBUS_RUN_SESSION_TRUE='#'
DBUS_SESSIONBUSDIR='/usr/share/dbus-1/services'
DBUS_SYSTEMBUSDIR='/usr/share/dbus-1/system-services'
DEFS='-DHAVE_CONFIG_H'
DEPDIR='.deps'
DLLTOOL='false'
DSYMUTIL=''
DUMPBIN=''
ECHO_C=''
ECHO_N='-n'
ECHO_T=''
EGREP='/bin/grep -E'
EXEEXT=''
EXPERIMENTAL_FALSE=''
EXPERIMENTAL_TRUE='#'
FGREP='/bin/grep -F'
GLIB_CFLAGS='-I/usr/include/glib-2.0 -I/usr/lib/arm-linux-gnueabihf/glib-2.0/include'
GLIB_LIBS='-lglib-2.0'
GREP='/bin/grep'
GTHREAD_CFLAGS=''
GTHREAD_LIBS=''
HID2HCI_FALSE='#'
HID2HCI_TRUE=''
ICAL_CFLAGS=''
ICAL_LIBS='-lical -licalss -licalvcal -lpthread /usr/lib/arm-linux-gnueabihf/libicuuc.so /usr/lib/arm-linux-gnueabihf/libicui18n.so'
INSTALL_DATA='${INSTALL} -m 644'
INSTALL_PROGRAM='${INSTALL}'
INSTALL_SCRIPT='${INSTALL}'
INSTALL_STRIP_PROGRAM='$(install_sh) -c -s'
LD='/usr/bin/ld'
LDFLAGS=''
LIBOBJS=''
LIBRARY_FALSE=''
LIBRARY_TRUE='#'
LIBS=''
LIBTOOL='$(SHELL) $(top_builddir)/libtool'
LIPO=''
LN_S='ln -s'
LTLIBOBJS=''
MAINT='#'
MAINTAINER_MODE_FALSE=''
MAINTAINER_MODE_TRUE='#'
MAKEINFO='${SHELL} /home/cap/Lampy/centrallamp/connectivity/bluez-5.33/missing makeinfo'
MANIFEST_TOOL=':'
MANPAGES_FALSE=''
MANPAGES_TRUE='#'
MISC_CFLAGS=''
MISC_LDFLAGS=''
MKDIR_P='/bin/mkdir -p'
MONITOR_FALSE='#'
MONITOR_TRUE=''
NM='/usr/bin/nm -B'
NMEDIT=''
OBEX_FALSE='#'
OBEX_TRUE=''
OBJDUMP='objdump'
OBJEXT='o'
OTOOL64=''
OTOOL=''
PACKAGE='bluez'
PACKAGE_BUGREPORT=''
PACKAGE_NAME='bluez'
PACKAGE_STRING='bluez 5.33'
PACKAGE_TARNAME='bluez'
PACKAGE_URL=''
PACKAGE_VERSION='5.33'
PATH_SEPARATOR=':'
PKG_CONFIG='/usr/bin/pkg-config'
PKG_CONFIG_LIBDIR=''
PKG_CONFIG_PATH=''
RANLIB='ranlib'
READLINE_FALSE='#'
READLINE_TRUE=''
SBC_CFLAGS=''
SBC_LIBS=''
SED='/bin/sed'
SET_MAKE=''
SHELL='/bin/bash'
SIXAXIS_FALSE=''
SIXAXIS_TRUE='#'
SPEEXDSP_CFLAGS=''
SPEEXDSP_LIBS=''
STRIP='strip'
SYSTEMD_FALSE=''
SYSTEMD_SYSTEMUNITDIR=''
SYSTEMD_TRUE='#'
SYSTEMD_USERUNITDIR=''
TEST_FALSE=''
TEST_TRUE='#'
TOOLS_FALSE='#'
TOOLS_TRUE=''
UDEV_CFLAGS=''
UDEV_DIR='/lib/udev'
UDEV_FALSE='#'
UDEV_LIBS='-ludev'
UDEV_TRUE=''
VERSION='5.33'
WARNING_CFLAGS=''
ac_ct_AR='ar'
ac_ct_CC='gcc'
ac_ct_DUMPBIN=''
am__EXEEXT_FALSE=''
am__EXEEXT_TRUE='#'
am__fastdepCC_FALSE='#'
am__fastdepCC_TRUE=''
am__include='include'
am__isrc=''
am__leading_dot='.'
am__nodep='_no'
am__quote=''
am__tar='tar --format=posix -chf - "$$tardir"'
am__untar='tar -xf -'
bindir='${exec_prefix}/bin'
build='armv7l-unknown-linux-gnueabihf'
build_alias=''
build_cpu='armv7l'
build_os='linux-gnueabihf'
build_vendor='unknown'
datadir='${datarootdir}'
datarootdir='${prefix}/share'
docdir='${datarootdir}/doc/${PACKAGE_TARNAME}'
dvidir='${docdir}'
enable_coverage=''
enable_dbus_run_session=''
exec_prefix='${prefix}'
host='armv7l-unknown-linux-gnueabihf'
host_alias=''
host_cpu='armv7l'
host_os='linux-gnueabihf'
host_vendor='unknown'
htmldir='${docdir}'
includedir='${prefix}/include'
infodir='${datarootdir}/info'
install_sh='${SHELL} /home/cap/Lampy/centrallamp/connectivity/bluez-5.33/install-sh'
libdir='${exec_prefix}/lib'
libexecdir='${exec_prefix}/libexec'
localedir='${datarootdir}/locale'
localstatedir='/var'
mandir='${datarootdir}/man'
mkdir_p='$(MKDIR_P)'
oldincludedir='/usr/include'
pdfdir='${docdir}'
prefix='/usr/local'
program_transform_name='s,x,x,'
psdir='${docdir}'
sbindir='${exec_prefix}/sbin'
sharedstatedir='${prefix}/com'
sysconfdir='${prefix}/etc'
target_alias=''

## ----------- ##
## confdefs.h. ##
## ----------- ##

/* confdefs.h */
#define PACKAGE_NAME "bluez"
#define PACKAGE_TARNAME "bluez"
#define PACKAGE_VERSION "5.33"
#define PACKAGE_STRING "bluez 5.33"
#define PACKAGE_BUGREPORT ""
#define PACKAGE_URL ""
#define PACKAGE "bluez"
#define VERSION "5.33"
#define STDC_HEADERS 1
#define HAVE_SYS_TYPES_H 1
#define HAVE_SYS_STAT_H 1
#define HAVE_STDLIB_H 1
#define HAVE_STRING_H 1
#define HAVE_MEMORY_H 1
#define HAVE_STRINGS_H 1
#define HAVE_INTTYPES_H 1
#define HAVE_STDINT_H 1
#define HAVE_UNISTD_H 1
#define __EXTENSIONS__ 1
#define _ALL_SOURCE 1
#define _GNU_SOURCE 1
#define _POSIX_PTHREAD_SEMANTICS 1
#define _TANDEM_SOURCE 1
#define restrict __restrict
#define HAVE_DLFCN_H 1
#define LT_OBJDIR ".libs/"
#define HAVE_LINUX_TYPES_H 1
#define HAVE_LINUX_IF_ALG_H 1
#define HAVE_UDEV_HWDB_NEW 1
#define HAVE_READLINE_READLINE_H 1
#define STORAGEDIR "/var/lib/bluetooth"
#define CONFIGDIR "/usr/local/etc/bluetooth"
#define ANDROID_STORAGEDIR "/var/lib/bluetooth/android"

configure: exit 0
